
--- Manual ---
('class cv.Vec8i', '', ['/Simple'], [['int', 'data[8]', '', '/RW']])
parse_name: class cv.Vec8i with ['cv'] -> fullname:cv::Vec8i namespace:cv classpath: classname: name:Vec8i
register class cv::Vec8i (('class cv.Vec8i', '', ['/Simple'], [['int', 'data[8]', '', '/RW']]))

--- Manual ---
('class cv.Vec6d', '', ['/Simple'], [['double', 'data[6]', '', '/RW']])
parse_name: class cv.Vec6d with ['cv'] -> fullname:cv::Vec6d namespace:cv classpath: classname: name:Vec6d
register class cv::Vec6d (('class cv.Vec6d', '', ['/Simple'], [['double', 'data[6]', '', '/RW']]))

--- Manual ---
('class cv.Vec6f', '', ['/Simple'], [['float', 'data[6]', '', '/RW']])
parse_name: class cv.Vec6f with ['cv'] -> fullname:cv::Vec6f namespace:cv classpath: classname: name:Vec6f
register class cv::Vec6f (('class cv.Vec6f', '', ['/Simple'], [['float', 'data[6]', '', '/RW']]))

--- Manual ---
('class cv.Vec6i', '', ['/Simple'], [['int', 'data[6]', '', '/RW']])
parse_name: class cv.Vec6i with ['cv'] -> fullname:cv::Vec6i namespace:cv classpath: classname: name:Vec6i
register class cv::Vec6i (('class cv.Vec6i', '', ['/Simple'], [['int', 'data[6]', '', '/RW']]))

--- Manual ---
('class cv.Vec4d', '', ['/Simple'], [['double', 'data[4]', '', '/RW']])
parse_name: class cv.Vec4d with ['cv'] -> fullname:cv::Vec4d namespace:cv classpath: classname: name:Vec4d
register class cv::Vec4d (('class cv.Vec4d', '', ['/Simple'], [['double', 'data[4]', '', '/RW']]))

--- Manual ---
('class cv.Vec4f', '', ['/Simple'], [['float', 'data[4]', '', '/RW']])
parse_name: class cv.Vec4f with ['cv'] -> fullname:cv::Vec4f namespace:cv classpath: classname: name:Vec4f
register class cv::Vec4f (('class cv.Vec4f', '', ['/Simple'], [['float', 'data[4]', '', '/RW']]))

--- Manual ---
('class cv.Vec4i', '', ['/Simple'], [['int', 'data[4]', '', '/RW']])
parse_name: class cv.Vec4i with ['cv'] -> fullname:cv::Vec4i namespace:cv classpath: classname: name:Vec4i
register class cv::Vec4i (('class cv.Vec4i', '', ['/Simple'], [['int', 'data[4]', '', '/RW']]))

--- Manual ---
('class cv.Vec4w', '', ['/Simple'], [['unsigned short', 'data[4]', '', '/RW']])
parse_name: class cv.Vec4w with ['cv'] -> fullname:cv::Vec4w namespace:cv classpath: classname: name:Vec4w
register class cv::Vec4w (('class cv.Vec4w', '', ['/Simple'], [['unsigned short', 'data[4]', '', '/RW']]))

--- Manual ---
('class cv.Vec4s', '', ['/Simple'], [['short', 'data[4]', '', '/RW']])
parse_name: class cv.Vec4s with ['cv'] -> fullname:cv::Vec4s namespace:cv classpath: classname: name:Vec4s
register class cv::Vec4s (('class cv.Vec4s', '', ['/Simple'], [['short', 'data[4]', '', '/RW']]))

--- Manual ---
('class cv.Vec4b', '', ['/Simple'], [['unsigned char', 'data[4]', '', '/RW']])
parse_name: class cv.Vec4b with ['cv'] -> fullname:cv::Vec4b namespace:cv classpath: classname: name:Vec4b
register class cv::Vec4b (('class cv.Vec4b', '', ['/Simple'], [['unsigned char', 'data[4]', '', '/RW']]))

--- Manual ---
('class cv.Vec3d', '', ['/Simple'], [['double', 'data[3]', '', '/RW']])
parse_name: class cv.Vec3d with ['cv'] -> fullname:cv::Vec3d namespace:cv classpath: classname: name:Vec3d
register class cv::Vec3d (('class cv.Vec3d', '', ['/Simple'], [['double', 'data[3]', '', '/RW']]))

--- Manual ---
('class cv.Vec3f', '', ['/Simple'], [['float', 'data[3]', '', '/RW']])
parse_name: class cv.Vec3f with ['cv'] -> fullname:cv::Vec3f namespace:cv classpath: classname: name:Vec3f
register class cv::Vec3f (('class cv.Vec3f', '', ['/Simple'], [['float', 'data[3]', '', '/RW']]))

--- Manual ---
('class cv.Vec3i', '', ['/Simple'], [['int', 'data[3]', '', '/RW']])
parse_name: class cv.Vec3i with ['cv'] -> fullname:cv::Vec3i namespace:cv classpath: classname: name:Vec3i
register class cv::Vec3i (('class cv.Vec3i', '', ['/Simple'], [['int', 'data[3]', '', '/RW']]))

--- Manual ---
('class cv.Vec3w', '', ['/Simple'], [['unsigned short', 'data[3]', '', '/RW']])
parse_name: class cv.Vec3w with ['cv'] -> fullname:cv::Vec3w namespace:cv classpath: classname: name:Vec3w
register class cv::Vec3w (('class cv.Vec3w', '', ['/Simple'], [['unsigned short', 'data[3]', '', '/RW']]))

--- Manual ---
('class cv.Vec3s', '', ['/Simple'], [['short', 'data[3]', '', '/RW']])
parse_name: class cv.Vec3s with ['cv'] -> fullname:cv::Vec3s namespace:cv classpath: classname: name:Vec3s
register class cv::Vec3s (('class cv.Vec3s', '', ['/Simple'], [['short', 'data[3]', '', '/RW']]))

--- Manual ---
('class cv.Vec3b', '', ['/Simple'], [['unsigned char', 'data[3]', '', '/RW']])
parse_name: class cv.Vec3b with ['cv'] -> fullname:cv::Vec3b namespace:cv classpath: classname: name:Vec3b
register class cv::Vec3b (('class cv.Vec3b', '', ['/Simple'], [['unsigned char', 'data[3]', '', '/RW']]))

--- Manual ---
('class cv.Vec2d', '', ['/Simple'], [['double', 'data[2]', '', '/RW']])
parse_name: class cv.Vec2d with ['cv'] -> fullname:cv::Vec2d namespace:cv classpath: classname: name:Vec2d
register class cv::Vec2d (('class cv.Vec2d', '', ['/Simple'], [['double', 'data[2]', '', '/RW']]))

--- Manual ---
(   'class cv.Size2d',
    '',
    ['/Simple'],
    [['double', 'width', '', '/RW'], ['double', 'height', '', '/RW']])
parse_name: class cv.Size2d with ['cv'] -> fullname:cv::Size2d namespace:cv classpath: classname: name:Size2d
register class cv::Size2d (('class cv.Size2d', '', ['/Simple'], [['double', 'width', '', '/RW'], ['double', 'height', '', '/RW']]))

--- Manual ---
(   'class cv.Point2d',
    '',
    ['/Simple'],
    [['double', 'x', '', '/RW'], ['double', 'y', '', '/RW']])
parse_name: class cv.Point2d with ['cv'] -> fullname:cv::Point2d namespace:cv classpath: classname: name:Point2d
register class cv::Point2d (('class cv.Point2d', '', ['/Simple'], [['double', 'x', '', '/RW'], ['double', 'y', '', '/RW']]))

--- Manual ---
(   'class cv.Rect2d',
    '',
    ['/Simple'],
    [   ['double', 'x', '', '/RW'],
        ['double', 'y', '', '/RW'],
        ['double', 'width', '', '/RW'],
        ['double', 'height', '', '/RW']])
parse_name: class cv.Rect2d with ['cv'] -> fullname:cv::Rect2d namespace:cv classpath: classname: name:Rect2d
register class cv::Rect2d (('class cv.Rect2d', '', ['/Simple'], [['double', 'x', '', '/RW'], ['double', 'y', '', '/RW'], ['double', 'width', '', '/RW'], ['double', 'height', '', '/RW']]))

--- Manual ---
('class cv.Vec2f', '', ['/Simple'], [['float', 'data[2]', '', '/RW']])
parse_name: class cv.Vec2f with ['cv'] -> fullname:cv::Vec2f namespace:cv classpath: classname: name:Vec2f
register class cv::Vec2f (('class cv.Vec2f', '', ['/Simple'], [['float', 'data[2]', '', '/RW']]))

--- Manual ---
(   'class cv.Size2f',
    '',
    ['/Simple'],
    [['float', 'width', '', '/RW'], ['float', 'height', '', '/RW']])
parse_name: class cv.Size2f with ['cv'] -> fullname:cv::Size2f namespace:cv classpath: classname: name:Size2f
register class cv::Size2f (('class cv.Size2f', '', ['/Simple'], [['float', 'width', '', '/RW'], ['float', 'height', '', '/RW']]))

--- Manual ---
(   'class cv.Point2f',
    '',
    ['/Simple'],
    [['float', 'x', '', '/RW'], ['float', 'y', '', '/RW']])
parse_name: class cv.Point2f with ['cv'] -> fullname:cv::Point2f namespace:cv classpath: classname: name:Point2f
register class cv::Point2f (('class cv.Point2f', '', ['/Simple'], [['float', 'x', '', '/RW'], ['float', 'y', '', '/RW']]))

--- Manual ---
(   'class cv.Rect2f',
    '',
    ['/Simple'],
    [   ['float', 'x', '', '/RW'],
        ['float', 'y', '', '/RW'],
        ['float', 'width', '', '/RW'],
        ['float', 'height', '', '/RW']])
parse_name: class cv.Rect2f with ['cv'] -> fullname:cv::Rect2f namespace:cv classpath: classname: name:Rect2f
register class cv::Rect2f (('class cv.Rect2f', '', ['/Simple'], [['float', 'x', '', '/RW'], ['float', 'y', '', '/RW'], ['float', 'width', '', '/RW'], ['float', 'height', '', '/RW']]))

--- Manual ---
(   'class cv.Size2l',
    '',
    ['/Simple'],
    [['int64', 'width', '', '/RW'], ['int64', 'height', '', '/RW']])
parse_name: class cv.Size2l with ['cv'] -> fullname:cv::Size2l namespace:cv classpath: classname: name:Size2l
register class cv::Size2l (('class cv.Size2l', '', ['/Simple'], [['int64', 'width', '', '/RW'], ['int64', 'height', '', '/RW']]))

--- Manual ---
(   'class cv.Point2l',
    '',
    ['/Simple'],
    [['int64', 'x', '', '/RW'], ['int64', 'y', '', '/RW']])
parse_name: class cv.Point2l with ['cv'] -> fullname:cv::Point2l namespace:cv classpath: classname: name:Point2l
register class cv::Point2l (('class cv.Point2l', '', ['/Simple'], [['int64', 'x', '', '/RW'], ['int64', 'y', '', '/RW']]))

--- Manual ---
('class cv.Vec2i', '', ['/Simple'], [['int', 'data[2]', '', '/RW']])
parse_name: class cv.Vec2i with ['cv'] -> fullname:cv::Vec2i namespace:cv classpath: classname: name:Vec2i
register class cv::Vec2i (('class cv.Vec2i', '', ['/Simple'], [['int', 'data[2]', '', '/RW']]))

--- Manual ---
(   'class cv.Size2i',
    '',
    ['/Simple'],
    [['int', 'width', '', '/RW'], ['int', 'height', '', '/RW']])
parse_name: class cv.Size2i with ['cv'] -> fullname:cv::Size2i namespace:cv classpath: classname: name:Size2i
register class cv::Size2i (('class cv.Size2i', '', ['/Simple'], [['int', 'width', '', '/RW'], ['int', 'height', '', '/RW']]))

--- Manual ---
(   'class cv.Point2i',
    '',
    ['/Simple'],
    [['int', 'x', '', '/RW'], ['int', 'y', '', '/RW']])
parse_name: class cv.Point2i with ['cv'] -> fullname:cv::Point2i namespace:cv classpath: classname: name:Point2i
register class cv::Point2i (('class cv.Point2i', '', ['/Simple'], [['int', 'x', '', '/RW'], ['int', 'y', '', '/RW']]))

--- Manual ---
(   'class cv.Rect2i',
    '',
    ['/Simple'],
    [   ['int', 'x', '', '/RW'],
        ['int', 'y', '', '/RW'],
        ['int', 'width', '', '/RW'],
        ['int', 'height', '', '/RW']])
parse_name: class cv.Rect2i with ['cv'] -> fullname:cv::Rect2i namespace:cv classpath: classname: name:Rect2i
register class cv::Rect2i (('class cv.Rect2i', '', ['/Simple'], [['int', 'x', '', '/RW'], ['int', 'y', '', '/RW'], ['int', 'width', '', '/RW'], ['int', 'height', '', '/RW']]))

--- Manual ---
(   'class cv.Size',
    '',
    ['/Simple'],
    [['int', 'width', '', '/RW'], ['int', 'height', '', '/RW']])
parse_name: class cv.Size with ['cv'] -> fullname:cv::Size namespace:cv classpath: classname: name:Size
register class cv::Size (('class cv.Size', '', ['/Simple'], [['int', 'width', '', '/RW'], ['int', 'height', '', '/RW']]))

--- Manual ---
(   'class cv.Point',
    '',
    ['/Simple'],
    [['int', 'x', '', '/RW'], ['int', 'y', '', '/RW']])
parse_name: class cv.Point with ['cv'] -> fullname:cv::Point namespace:cv classpath: classname: name:Point
register class cv::Point (('class cv.Point', '', ['/Simple'], [['int', 'x', '', '/RW'], ['int', 'y', '', '/RW']]))

--- Manual ---
(   'class cv.Rect',
    '',
    ['/Simple'],
    [   ['int', 'x', '', '/RW'],
        ['int', 'y', '', '/RW'],
        ['int', 'width', '', '/RW'],
        ['int', 'height', '', '/RW']])
parse_name: class cv.Rect with ['cv'] -> fullname:cv::Rect namespace:cv classpath: classname: name:Rect
register class cv::Rect (('class cv.Rect', '', ['/Simple'], [['int', 'x', '', '/RW'], ['int', 'y', '', '/RW'], ['int', 'width', '', '/RW'], ['int', 'height', '', '/RW']]))

--- Manual ---
('class cv.Vec2w', '', ['/Simple'], [['unsigned short', 'data[2]', '', '/RW']])
parse_name: class cv.Vec2w with ['cv'] -> fullname:cv::Vec2w namespace:cv classpath: classname: name:Vec2w
register class cv::Vec2w (('class cv.Vec2w', '', ['/Simple'], [['unsigned short', 'data[2]', '', '/RW']]))

--- Manual ---
('class cv.Vec2s', '', ['/Simple'], [['short', 'data[2]', '', '/RW']])
parse_name: class cv.Vec2s with ['cv'] -> fullname:cv::Vec2s namespace:cv classpath: classname: name:Vec2s
register class cv::Vec2s (('class cv.Vec2s', '', ['/Simple'], [['short', 'data[2]', '', '/RW']]))

--- Manual ---
('class cv.Vec2b', '', ['/Simple'], [['unsigned char', 'data[2]', '', '/RW']])
parse_name: class cv.Vec2b with ['cv'] -> fullname:cv::Vec2b namespace:cv classpath: classname: name:Vec2b
register class cv::Vec2b (('class cv.Vec2b', '', ['/Simple'], [['unsigned char', 'data[2]', '', '/RW']]))

--- Manual ---
('class cv.Scalar', '', ['/Simple'], [['double', 'data[4]', '', '/RW']])
parse_name: class cv.Scalar with ['cv'] -> fullname:cv::Scalar namespace:cv classpath: classname: name:Scalar
register class cv::Scalar (('class cv.Scalar', '', ['/Simple'], [['double', 'data[4]', '', '/RW']]))

--- Manual ---
('class cv._InputArray', '', ['/Ghost'], [])
parse_name: class cv._InputArray with ['cv'] -> fullname:cv::_InputArray namespace:cv classpath: classname: name:_InputArray
register class cv::_InputArray (('class cv._InputArray', '', ['/Ghost'], []))

--- Manual ---
('typedef cv.InputArray', 'const _InputArray&', [], [])
parse_name: typedef cv.InputArray with ['cv'] -> fullname:cv::InputArray namespace:cv classpath: classname: name:InputArray
Registering an unknown type: InputArray

--- Manual ---
('class cv._OutputArray', '', ['/Ghost'], [])
parse_name: class cv._OutputArray with ['cv'] -> fullname:cv::_OutputArray namespace:cv classpath: classname: name:_OutputArray
register class cv::_OutputArray (('class cv._OutputArray', '', ['/Ghost'], []))

--- Manual ---
('typedef cv.OutputArray', '_OutputArray&', [], [])
parse_name: typedef cv.OutputArray with ['cv'] -> fullname:cv::OutputArray namespace:cv classpath: classname: name:OutputArray
Registering an unknown type: OutputArray

--- Manual ---
('class cv._InputOutputArray', '', ['/Ghost'], [])
parse_name: class cv._InputOutputArray with ['cv'] -> fullname:cv::_InputOutputArray namespace:cv classpath: classname: name:_InputOutputArray
register class cv::_InputOutputArray (('class cv._InputOutputArray', '', ['/Ghost'], []))

--- Manual ---
('typedef cv.InputOutputArray', '_InputOutputArray&', [], [])
parse_name: typedef cv.InputOutputArray with ['cv'] -> fullname:cv::InputOutputArray namespace:cv classpath: classname: name:InputOutputArray
Registering an unknown type: InputOutputArray

--- Manual ---
('typedef cv.InputArrayOfArrays', 'InputArray', [], [])
parse_name: typedef cv.InputArrayOfArrays with ['cv'] -> fullname:cv::InputArrayOfArrays namespace:cv classpath: classname: name:InputArrayOfArrays
Registering an unknown type: InputArrayOfArrays

--- Manual ---
('typedef cv.OutputArrayOfArrays', 'OutputArray', [], [])
parse_name: typedef cv.OutputArrayOfArrays with ['cv'] -> fullname:cv::OutputArrayOfArrays namespace:cv classpath: classname: name:OutputArrayOfArrays
Registering an unknown type: OutputArrayOfArrays

--- Manual ---
('typedef cv.InputOutputArrayOfArrays', 'InputOutputArray', [], [])
parse_name: typedef cv.InputOutputArrayOfArrays with ['cv'] -> fullname:cv::InputOutputArrayOfArrays namespace:cv classpath: classname: name:InputOutputArrayOfArrays
Registering an unknown type: InputOutputArrayOfArrays

--- Manual ---
('class cv.Range', '', ['/Ghost'], [])
parse_name: class cv.Range with ['cv'] -> fullname:cv::Range namespace:cv classpath: classname: name:Range
register class cv::Range (('class cv.Range', '', ['/Ghost'], []))

--- Manual ---
('class cv.MatExpr', '', ['/Ghost'], [])
parse_name: class cv.MatExpr with ['cv'] -> fullname:cv::MatExpr namespace:cv classpath: classname: name:MatExpr
register class cv::MatExpr (('class cv.MatExpr', '', ['/Ghost'], []))

--- Manual ---
('class cv.Mat', '', ['/Ghost'], [])
parse_name: class cv.Mat with ['cv'] -> fullname:cv::Mat namespace:cv classpath: classname: name:Mat
register class cv::Mat (('class cv.Mat', '', ['/Ghost'], []))

--- Manual ---
('class cv.UMat', '', ['/Ghost'], [])
parse_name: class cv.UMat with ['cv'] -> fullname:cv::UMat namespace:cv classpath: classname: name:UMat
register class cv::UMat (('class cv.UMat', '', ['/Ghost'], []))

--- Manual ---
('class cv.Algorithm', '', ['/Ghost'], [])
parse_name: class cv.Algorithm with ['cv'] -> fullname:cv::Algorithm namespace:cv classpath: classname: name:Algorithm
register class cv::Algorithm (('class cv.Algorithm', '', ['/Ghost'], []))

--- Manual ---
('class cv.DMatch', '', ['/Ghost', '/Simple'], [])
parse_name: class cv.DMatch with ['cv'] -> fullname:cv::DMatch namespace:cv classpath: classname: name:DMatch
register class cv::DMatch (('class cv.DMatch', '', ['/Ghost', '/Simple'], []))

--- Manual ---
('class cv.KeyPoint', '', ['/Ghost', '/Simple'], [])
parse_name: class cv.KeyPoint with ['cv'] -> fullname:cv::KeyPoint namespace:cv classpath: classname: name:KeyPoint
register class cv::KeyPoint (('class cv.KeyPoint', '', ['/Ghost', '/Simple'], []))

--- Manual ---
('class cv.RotatedRect', '', ['/Ghost'], [])
parse_name: class cv.RotatedRect with ['cv'] -> fullname:cv::RotatedRect namespace:cv classpath: classname: name:RotatedRect
register class cv::RotatedRect (('class cv.RotatedRect', '', ['/Ghost'], []))

--- Manual ---
('class cv.TermCriteria', '', ['/Ghost'], [])
parse_name: class cv.TermCriteria with ['cv'] -> fullname:cv::TermCriteria namespace:cv classpath: classname: name:TermCriteria
register class cv::TermCriteria (('class cv.TermCriteria', '', ['/Ghost'], []))

--- Manual ---
('class cv.utils.logging.LogTag', '', ['/Ghost'], [])
parse_name: class cv.utils.logging.LogTag with ['cv'] -> fullname:cv::utils::logging::LogTag namespace:cv classpath:utils::logging classname:logging name:LogTag
register class cv::utils::logging::LogTag (('class cv.utils.logging.LogTag', '', ['/Ghost'], []))

--- Manual ---
('class cv.FileNode', '', ['/Ghost'], [])
parse_name: class cv.FileNode with ['cv'] -> fullname:cv::FileNode namespace:cv classpath: classname: name:FileNode
register class cv::FileNode (('class cv.FileNode', '', ['/Ghost'], []))

--- Manual ---
('class cv.FileStorage', '', ['/Ghost'], [])
parse_name: class cv.FileStorage with ['cv'] -> fullname:cv::FileStorage namespace:cv classpath: classname: name:FileStorage
register class cv::FileStorage (('class cv.FileStorage', '', ['/Ghost'], []))

--- Manual ---
('class cv.dnn.LayerParams', '', ['/Ghost'], [])
parse_name: class cv.dnn.LayerParams with ['cv'] -> fullname:cv::dnn::LayerParams namespace:cv classpath:dnn classname:dnn name:LayerParams
register class cv::dnn::LayerParams (('class cv.dnn.LayerParams', '', ['/Ghost'], []))

--- Manual ---
('class cv.dnn.Layer', '', ['/Ghost'], [])
parse_name: class cv.dnn.Layer with ['cv'] -> fullname:cv::dnn::Layer namespace:cv classpath:dnn classname:dnn name:Layer
register class cv::dnn::Layer (('class cv.dnn.Layer', '', ['/Ghost'], []))

--- Manual ---
('class cv.Feature2D', ': cv::Algorithm', ['/Ghost'], [])
parse_name: class cv.Feature2D with ['cv'] -> fullname:cv::Feature2D namespace:cv classpath: classname: name:Feature2D
register class cv::Feature2D (('class cv.Feature2D', ': cv::Algorithm', ['/Ghost'], [])) impl:cv::Algorithm

--- Manual ---
('class cv.DescriptorMatcher', ': cv::Algorithm', ['/Ghost', '/A'], [])
parse_name: class cv.DescriptorMatcher with ['cv'] -> fullname:cv::DescriptorMatcher namespace:cv classpath: classname: name:DescriptorMatcher
register class cv::DescriptorMatcher (('class cv.DescriptorMatcher', ': cv::Algorithm', ['/Ghost', '/A'], [])) impl:cv::Algorithm

--- Manual ---
('typedef cv.FeatureDetector', 'Feature2D', [], [])
parse_name: typedef cv.FeatureDetector with ['cv'] -> fullname:cv::FeatureDetector namespace:cv classpath: classname: name:FeatureDetector
Registering an unknown type: FeatureDetector

--- Manual ---
('typedef cv.DescriptorExtractor', 'Feature2D', [], [])
parse_name: typedef cv.DescriptorExtractor with ['cv'] -> fullname:cv::DescriptorExtractor namespace:cv classpath: classname: name:DescriptorExtractor
Registering an unknown type: DescriptorExtractor

--- Manual ---
('enum cv.InterpolationFlags', '', ['/Ghost'], [])
parse_name: enum cv.InterpolationFlags with ['cv'] -> fullname:cv::InterpolationFlags namespace:cv classpath: classname: name:InterpolationFlags


=============== Header: /Users/ianlum/.cargo/registry/src/github.com-1ecc6299db9ec823/opencv-0.23.0/headers/4.1/opencv2/dpm.hpp ================


Namespaces: ['cv', 'cv.dpm']
Comment: {'dpm': ' @defgroup dpm Deformable Part-based Models\n\nDiscriminatively Trained Part Based Models for Object Detection\n---------------------------------------------------------------\n\nThe object detector described below has been initially proposed by P.F. Felzenszwalb in\n@cite Felzenszwalb2010a . It is based on a Dalal-Triggs detector that uses a single filter on histogram\nof oriented gradients (HOG) features to represent an object category. This detector uses a sliding\nwindow approach, where a filter is applied at all positions and scales of an image. The first\ninnovation is enriching the Dalal-Triggs model using a star-structured part-based model defined by a\n"root" filter (analogous to the Dalal-Triggs filter) plus a set of parts filters and associated\ndeformation models. The score of one of star models at a particular position and scale within an\nimage is the score of the root filter at the given location plus the sum over parts of the maximum,\nover placements of that part, of the part filter score on its location minus a deformation cost\neasuring the deviation of the part from its ideal location relative to the root. Both root and part\nfilter scores are defined by the dot product between a filter (a set of weights) and a subwindow of\na feature pyramid computed from the input image. Another improvement is a representation of the\nclass of models by a mixture of star models. The score of a mixture model at a particular position\nand scale is the maximum over components, of the score of that component model at the given\nlocation.\n\nThe detector was dramatically speeded-up with cascade algorithm proposed by P.F. Felzenszwalb in\n@cite Felzenszwalb2010b . The algorithm prunes partial hypotheses using thresholds on their scores.The\nbasic idea of the algorithm is to use a hierarchy of models defined by an ordering of the original\nmodel\'s parts. For a model with (n+1) parts, including the root, a sequence of (n+1) models is\nobtained. The i-th model in this sequence is defined by the first i parts from the original model.\nUsing this hierarchy, low scoring hypotheses can be pruned after looking at the best configuration\nof a subset of the parts. Hypotheses that score high under a weak model are evaluated further using\na richer model.\n\nIn OpenCV there is an C++ implementation of DPM cascade detector.\n\n\n'}

--- Incoming ---
[   'class cv.dpm.DPMDetector',
    '',
    [],
    [],
    None,
    '@brief This is a C++ abstract class, it provides external user API to '
    'work with DPM.']
parse_name: class cv.dpm.DPMDetector with ['cv', 'cv::dpm'] -> fullname:cv::dpm::DPMDetector namespace:cv::dpm classpath: classname: name:DPMDetector
register class cv::dpm::DPMDetector (['class cv.dpm.DPMDetector', '', [], [], None, '@brief This is a C++ abstract class, it provides external user API to work with DPM.'])

--- Incoming ---
['struct cv.dpm.DPMDetector.ObjectDetection', '', [], [], None, '']
parse_name: struct cv.dpm.DPMDetector.ObjectDetection with ['cv', 'cv::dpm'] -> fullname:cv::dpm::DPMDetector::ObjectDetection namespace:cv::dpm classpath:DPMDetector classname:DPMDetector name:ObjectDetection
register class cv::dpm::DPMDetector::ObjectDetection (['struct cv.dpm.DPMDetector.ObjectDetection', '', [], [], None, ''])

--- Incoming ---
['cv.dpm.DPMDetector.ObjectDetection.ObjectDetection', 'O', [], [], None, '']
parse_name: cv.dpm.DPMDetector.ObjectDetection.ObjectDetection with ['cv', 'cv::dpm'] -> fullname:cv::dpm::DPMDetector::ObjectDetection::ObjectDetection namespace:cv::dpm classpath:DPMDetector::ObjectDetection classname:ObjectDetection name:ObjectDetection
register (constructor) default in cv::dpm::DPMDetector::ObjectDetection (cv_dpm_DPMDetector_ObjectDetection_ObjectDetection)

--- Incoming ---
[   'cv.dpm.DPMDetector.ObjectDetection.ObjectDetection',
    'O',
    [],
    [   ['const Rect&', 'rect', '', []],
        ['float', 'score', '', []],
        ['int', 'classID', '-1', []]],
    None,
    '']
parse_name: cv.dpm.DPMDetector.ObjectDetection.ObjectDetection with ['cv', 'cv::dpm'] -> fullname:cv::dpm::DPMDetector::ObjectDetection::ObjectDetection namespace:cv::dpm classpath:DPMDetector::ObjectDetection classname:ObjectDetection name:ObjectDetection
register (constructor) new in cv::dpm::DPMDetector::ObjectDetection (cv_dpm_DPMDetector_ObjectDetection_ObjectDetection_Rect_float_int)

--- Incoming ---
['cv.dpm.DPMDetector.isEmpty', 'bool', ['/A', '/C'], [], None, '']
parse_name: cv.dpm.DPMDetector.isEmpty with ['cv', 'cv::dpm'] -> fullname:cv::dpm::DPMDetector::isEmpty namespace:cv::dpm classpath:DPMDetector classname:DPMDetector name:isEmpty
register (method) isEmpty in cv::dpm::DPMDetector (trait) (cv_dpm_DPMDetector_isEmpty_const)

--- Incoming ---
[   'cv.dpm.DPMDetector.detect',
    'void',
    ['/A'],
    [   ['cv::Mat &', 'image', '', []],
        ['std::vector<ObjectDetection> &', 'objects', '', []]],
    None,
    '@brief Find rectangular regions in the given image that are likely to '
    'contain objects of loaded classes\n'
    '(models) and corresponding confidence levels.\n'
    '@param image An image.\n'
    '@param objects The detections: rectangulars, scores and class IDs.']
parse_name: cv.dpm.DPMDetector.detect with ['cv', 'cv::dpm'] -> fullname:cv::dpm::DPMDetector::detect namespace:cv::dpm classpath:DPMDetector classname:DPMDetector name:detect
register (method) detect in cv::dpm::DPMDetector (trait) (cv_dpm_DPMDetector_detect_Mat_VectorOfObjectDetection)

--- Incoming ---
[   'cv.dpm.DPMDetector.getClassNames',
    'std::vector<std::string> const&',
    ['/A', '/C'],
    [],
    None,
    '@brief Return the class (model) names that were passed in constructor or '
    'method load or extracted from\n'
    'models filenames in those methods.']
parse_name: cv.dpm.DPMDetector.getClassNames with ['cv', 'cv::dpm'] -> fullname:cv::dpm::DPMDetector::getClassNames namespace:cv::dpm classpath:DPMDetector classname:DPMDetector name:getClassNames
Registering an unknown type: std::string> cons
register (method) getClassNames in cv::dpm::DPMDetector (trait) (cv_dpm_DPMDetector_getClassNames_const)

--- Incoming ---
[   'cv.dpm.DPMDetector.getClassCount',
    'size_t',
    ['/A', '/C'],
    [],
    None,
    '@brief Return a count of loaded models (classes).']
parse_name: cv.dpm.DPMDetector.getClassCount with ['cv', 'cv::dpm'] -> fullname:cv::dpm::DPMDetector::getClassCount namespace:cv::dpm classpath:DPMDetector classname:DPMDetector name:getClassCount
register (method) getClassCount in cv::dpm::DPMDetector (trait) (cv_dpm_DPMDetector_getClassCount_const)

--- Incoming ---
[   'cv.dpm.DPMDetector.create',
    'cv::Ptr<DPMDetector>',
    ['/S'],
    [   ['std::vector<std::string> const &', 'filenames', '', []],
        [   'std::vector<std::string> const &',
            'classNames',
            'std::vector<std::string>()',
            []]],
    None,
    '@brief Load the trained models from given .xml files and return '
    'cv::Ptr\\<DPMDetector\\>.\n'
    '@param filenames A set of filenames storing the trained detectors '
    '(models). Each file contains one\n'
    'model. See examples of such files here '
    '`/opencv_extra/testdata/cv/dpm/VOC2007_Cascade/`.\n'
    "@param classNames A set of trained models names. If it's empty then the "
    'name of each model will be\n'
    'constructed from the name of file containing the model. E.g. the model '
    'stored in\n'
    '"/home/user/cat.xml" will get the name "cat".']
parse_name: cv.dpm.DPMDetector.create with ['cv', 'cv::dpm'] -> fullname:cv::dpm::DPMDetector::create namespace:cv::dpm classpath:DPMDetector classname:DPMDetector name:create
Registering an unknown type: cv::Ptr<DPMDetector>
register (method) create in cv::dpm::DPMDetector (trait) (cv_dpm_DPMDetector_create_std_vector<std_string> const_std_vector<std_string> const)

--- Incoming ---
['cv.dpm.DPMDetector.~DPMDetector', '~', [], [], None, '']
parse_name: cv.dpm.DPMDetector.~DPMDetector with ['cv', 'cv::dpm'] -> fullname:cv::dpm::DPMDetector::~DPMDetector namespace:cv::dpm classpath:DPMDetector classname:DPMDetector name:~DPMDetector
Registering an unknown type: ~
ignore destructor (method) ~DPMDetector in cv::dpm::DPMDetector (trait)


===== Generating... =====
Ghost class cv::Algorithm (ghost, trait), ignoring
Ghost class cv::DMatch (simple, ghost), ignoring
Ghost class cv::DescriptorMatcher (ghost, trait), ignoring
Ghost class cv::Feature2D (ghost, trait), ignoring
Ghost class cv::FileNode (ghost), ignoring
Ghost class cv::FileStorage (ghost), ignoring
Ghost class cv::KeyPoint (simple, ghost), ignoring
Ghost class cv::Mat (ghost), ignoring
Ghost class cv::MatExpr (ghost), ignoring
Ghost class cv::Range (ghost), ignoring
Ghost class cv::RotatedRect (ghost), ignoring
Ghost class cv::TermCriteria (ghost), ignoring
Ghost class cv::UMat (ghost), ignoring
Ghost class cv::_InputArray (ghost, trait), ignoring
Ghost class cv::_InputOutputArray (ghost, trait), ignoring
Ghost class cv::_OutputArray (ghost, trait), ignoring
Ghost class cv::dnn::Layer (ghost, trait), ignoring
Ghost class cv::dnn::LayerParams (ghost), ignoring
Generating impl for trait cv::dpm::DPMDetector (trait)
Generating func cv_dpm_DPMDetector_isEmpty_const
Generating func cv_dpm_DPMDetector_detect_Mat_VectorOfObjectDetection
Generating func cv_dpm_DPMDetector_getClassNames_const
  ignored: return type class Vector[Unknown[std::string> cons]] is ignored
Generating func cv_dpm_DPMDetector_getClassCount_const
Generating func cv_dpm_DPMDetector_create_std_vector<std_string> const_std_vector<std_string> const
  ignored: return type class Unknown[cv::Ptr<DPMDetector>] is ignored
Generating box for cv::dpm::DPMDetector::ObjectDetection
Generating func cv_dpm_DPMDetector_ObjectDetection_ObjectDetection
Generating func cv_dpm_DPMDetector_ObjectDetection_ObjectDetection_Rect_float_int
Ghost class cv::utils::logging::LogTag (ghost), ignoring
