
--- Manual ---
('class cv.Vec8i', '', ['/Simple'], [['int', 'data[8]', '', '/RW']])
parse_name: class cv.Vec8i with ['cv'] -> fullname:cv::Vec8i namespace:cv classpath: classname: name:Vec8i
register class cv::Vec8i (('class cv.Vec8i', '', ['/Simple'], [['int', 'data[8]', '', '/RW']]))

--- Manual ---
('class cv.Vec6d', '', ['/Simple'], [['double', 'data[6]', '', '/RW']])
parse_name: class cv.Vec6d with ['cv'] -> fullname:cv::Vec6d namespace:cv classpath: classname: name:Vec6d
register class cv::Vec6d (('class cv.Vec6d', '', ['/Simple'], [['double', 'data[6]', '', '/RW']]))

--- Manual ---
('class cv.Vec6f', '', ['/Simple'], [['float', 'data[6]', '', '/RW']])
parse_name: class cv.Vec6f with ['cv'] -> fullname:cv::Vec6f namespace:cv classpath: classname: name:Vec6f
register class cv::Vec6f (('class cv.Vec6f', '', ['/Simple'], [['float', 'data[6]', '', '/RW']]))

--- Manual ---
('class cv.Vec6i', '', ['/Simple'], [['int', 'data[6]', '', '/RW']])
parse_name: class cv.Vec6i with ['cv'] -> fullname:cv::Vec6i namespace:cv classpath: classname: name:Vec6i
register class cv::Vec6i (('class cv.Vec6i', '', ['/Simple'], [['int', 'data[6]', '', '/RW']]))

--- Manual ---
('class cv.Vec4d', '', ['/Simple'], [['double', 'data[4]', '', '/RW']])
parse_name: class cv.Vec4d with ['cv'] -> fullname:cv::Vec4d namespace:cv classpath: classname: name:Vec4d
register class cv::Vec4d (('class cv.Vec4d', '', ['/Simple'], [['double', 'data[4]', '', '/RW']]))

--- Manual ---
('class cv.Vec4f', '', ['/Simple'], [['float', 'data[4]', '', '/RW']])
parse_name: class cv.Vec4f with ['cv'] -> fullname:cv::Vec4f namespace:cv classpath: classname: name:Vec4f
register class cv::Vec4f (('class cv.Vec4f', '', ['/Simple'], [['float', 'data[4]', '', '/RW']]))

--- Manual ---
('class cv.Vec4i', '', ['/Simple'], [['int', 'data[4]', '', '/RW']])
parse_name: class cv.Vec4i with ['cv'] -> fullname:cv::Vec4i namespace:cv classpath: classname: name:Vec4i
register class cv::Vec4i (('class cv.Vec4i', '', ['/Simple'], [['int', 'data[4]', '', '/RW']]))

--- Manual ---
('class cv.Vec4w', '', ['/Simple'], [['unsigned short', 'data[4]', '', '/RW']])
parse_name: class cv.Vec4w with ['cv'] -> fullname:cv::Vec4w namespace:cv classpath: classname: name:Vec4w
register class cv::Vec4w (('class cv.Vec4w', '', ['/Simple'], [['unsigned short', 'data[4]', '', '/RW']]))

--- Manual ---
('class cv.Vec4s', '', ['/Simple'], [['short', 'data[4]', '', '/RW']])
parse_name: class cv.Vec4s with ['cv'] -> fullname:cv::Vec4s namespace:cv classpath: classname: name:Vec4s
register class cv::Vec4s (('class cv.Vec4s', '', ['/Simple'], [['short', 'data[4]', '', '/RW']]))

--- Manual ---
('class cv.Vec4b', '', ['/Simple'], [['unsigned char', 'data[4]', '', '/RW']])
parse_name: class cv.Vec4b with ['cv'] -> fullname:cv::Vec4b namespace:cv classpath: classname: name:Vec4b
register class cv::Vec4b (('class cv.Vec4b', '', ['/Simple'], [['unsigned char', 'data[4]', '', '/RW']]))

--- Manual ---
('class cv.Vec3d', '', ['/Simple'], [['double', 'data[3]', '', '/RW']])
parse_name: class cv.Vec3d with ['cv'] -> fullname:cv::Vec3d namespace:cv classpath: classname: name:Vec3d
register class cv::Vec3d (('class cv.Vec3d', '', ['/Simple'], [['double', 'data[3]', '', '/RW']]))

--- Manual ---
('class cv.Vec3f', '', ['/Simple'], [['float', 'data[3]', '', '/RW']])
parse_name: class cv.Vec3f with ['cv'] -> fullname:cv::Vec3f namespace:cv classpath: classname: name:Vec3f
register class cv::Vec3f (('class cv.Vec3f', '', ['/Simple'], [['float', 'data[3]', '', '/RW']]))

--- Manual ---
('class cv.Vec3i', '', ['/Simple'], [['int', 'data[3]', '', '/RW']])
parse_name: class cv.Vec3i with ['cv'] -> fullname:cv::Vec3i namespace:cv classpath: classname: name:Vec3i
register class cv::Vec3i (('class cv.Vec3i', '', ['/Simple'], [['int', 'data[3]', '', '/RW']]))

--- Manual ---
('class cv.Vec3w', '', ['/Simple'], [['unsigned short', 'data[3]', '', '/RW']])
parse_name: class cv.Vec3w with ['cv'] -> fullname:cv::Vec3w namespace:cv classpath: classname: name:Vec3w
register class cv::Vec3w (('class cv.Vec3w', '', ['/Simple'], [['unsigned short', 'data[3]', '', '/RW']]))

--- Manual ---
('class cv.Vec3s', '', ['/Simple'], [['short', 'data[3]', '', '/RW']])
parse_name: class cv.Vec3s with ['cv'] -> fullname:cv::Vec3s namespace:cv classpath: classname: name:Vec3s
register class cv::Vec3s (('class cv.Vec3s', '', ['/Simple'], [['short', 'data[3]', '', '/RW']]))

--- Manual ---
('class cv.Vec3b', '', ['/Simple'], [['unsigned char', 'data[3]', '', '/RW']])
parse_name: class cv.Vec3b with ['cv'] -> fullname:cv::Vec3b namespace:cv classpath: classname: name:Vec3b
register class cv::Vec3b (('class cv.Vec3b', '', ['/Simple'], [['unsigned char', 'data[3]', '', '/RW']]))

--- Manual ---
('class cv.Vec2d', '', ['/Simple'], [['double', 'data[2]', '', '/RW']])
parse_name: class cv.Vec2d with ['cv'] -> fullname:cv::Vec2d namespace:cv classpath: classname: name:Vec2d
register class cv::Vec2d (('class cv.Vec2d', '', ['/Simple'], [['double', 'data[2]', '', '/RW']]))

--- Manual ---
(   'class cv.Size2d',
    '',
    ['/Simple'],
    [['double', 'width', '', '/RW'], ['double', 'height', '', '/RW']])
parse_name: class cv.Size2d with ['cv'] -> fullname:cv::Size2d namespace:cv classpath: classname: name:Size2d
register class cv::Size2d (('class cv.Size2d', '', ['/Simple'], [['double', 'width', '', '/RW'], ['double', 'height', '', '/RW']]))

--- Manual ---
(   'class cv.Point2d',
    '',
    ['/Simple'],
    [['double', 'x', '', '/RW'], ['double', 'y', '', '/RW']])
parse_name: class cv.Point2d with ['cv'] -> fullname:cv::Point2d namespace:cv classpath: classname: name:Point2d
register class cv::Point2d (('class cv.Point2d', '', ['/Simple'], [['double', 'x', '', '/RW'], ['double', 'y', '', '/RW']]))

--- Manual ---
(   'class cv.Rect2d',
    '',
    ['/Simple'],
    [   ['double', 'x', '', '/RW'],
        ['double', 'y', '', '/RW'],
        ['double', 'width', '', '/RW'],
        ['double', 'height', '', '/RW']])
parse_name: class cv.Rect2d with ['cv'] -> fullname:cv::Rect2d namespace:cv classpath: classname: name:Rect2d
register class cv::Rect2d (('class cv.Rect2d', '', ['/Simple'], [['double', 'x', '', '/RW'], ['double', 'y', '', '/RW'], ['double', 'width', '', '/RW'], ['double', 'height', '', '/RW']]))

--- Manual ---
('class cv.Vec2f', '', ['/Simple'], [['float', 'data[2]', '', '/RW']])
parse_name: class cv.Vec2f with ['cv'] -> fullname:cv::Vec2f namespace:cv classpath: classname: name:Vec2f
register class cv::Vec2f (('class cv.Vec2f', '', ['/Simple'], [['float', 'data[2]', '', '/RW']]))

--- Manual ---
(   'class cv.Size2f',
    '',
    ['/Simple'],
    [['float', 'width', '', '/RW'], ['float', 'height', '', '/RW']])
parse_name: class cv.Size2f with ['cv'] -> fullname:cv::Size2f namespace:cv classpath: classname: name:Size2f
register class cv::Size2f (('class cv.Size2f', '', ['/Simple'], [['float', 'width', '', '/RW'], ['float', 'height', '', '/RW']]))

--- Manual ---
(   'class cv.Point2f',
    '',
    ['/Simple'],
    [['float', 'x', '', '/RW'], ['float', 'y', '', '/RW']])
parse_name: class cv.Point2f with ['cv'] -> fullname:cv::Point2f namespace:cv classpath: classname: name:Point2f
register class cv::Point2f (('class cv.Point2f', '', ['/Simple'], [['float', 'x', '', '/RW'], ['float', 'y', '', '/RW']]))

--- Manual ---
(   'class cv.Rect2f',
    '',
    ['/Simple'],
    [   ['float', 'x', '', '/RW'],
        ['float', 'y', '', '/RW'],
        ['float', 'width', '', '/RW'],
        ['float', 'height', '', '/RW']])
parse_name: class cv.Rect2f with ['cv'] -> fullname:cv::Rect2f namespace:cv classpath: classname: name:Rect2f
register class cv::Rect2f (('class cv.Rect2f', '', ['/Simple'], [['float', 'x', '', '/RW'], ['float', 'y', '', '/RW'], ['float', 'width', '', '/RW'], ['float', 'height', '', '/RW']]))

--- Manual ---
(   'class cv.Size2l',
    '',
    ['/Simple'],
    [['int64', 'width', '', '/RW'], ['int64', 'height', '', '/RW']])
parse_name: class cv.Size2l with ['cv'] -> fullname:cv::Size2l namespace:cv classpath: classname: name:Size2l
register class cv::Size2l (('class cv.Size2l', '', ['/Simple'], [['int64', 'width', '', '/RW'], ['int64', 'height', '', '/RW']]))

--- Manual ---
(   'class cv.Point2l',
    '',
    ['/Simple'],
    [['int64', 'x', '', '/RW'], ['int64', 'y', '', '/RW']])
parse_name: class cv.Point2l with ['cv'] -> fullname:cv::Point2l namespace:cv classpath: classname: name:Point2l
register class cv::Point2l (('class cv.Point2l', '', ['/Simple'], [['int64', 'x', '', '/RW'], ['int64', 'y', '', '/RW']]))

--- Manual ---
('class cv.Vec2i', '', ['/Simple'], [['int', 'data[2]', '', '/RW']])
parse_name: class cv.Vec2i with ['cv'] -> fullname:cv::Vec2i namespace:cv classpath: classname: name:Vec2i
register class cv::Vec2i (('class cv.Vec2i', '', ['/Simple'], [['int', 'data[2]', '', '/RW']]))

--- Manual ---
(   'class cv.Size2i',
    '',
    ['/Simple'],
    [['int', 'width', '', '/RW'], ['int', 'height', '', '/RW']])
parse_name: class cv.Size2i with ['cv'] -> fullname:cv::Size2i namespace:cv classpath: classname: name:Size2i
register class cv::Size2i (('class cv.Size2i', '', ['/Simple'], [['int', 'width', '', '/RW'], ['int', 'height', '', '/RW']]))

--- Manual ---
(   'class cv.Point2i',
    '',
    ['/Simple'],
    [['int', 'x', '', '/RW'], ['int', 'y', '', '/RW']])
parse_name: class cv.Point2i with ['cv'] -> fullname:cv::Point2i namespace:cv classpath: classname: name:Point2i
register class cv::Point2i (('class cv.Point2i', '', ['/Simple'], [['int', 'x', '', '/RW'], ['int', 'y', '', '/RW']]))

--- Manual ---
(   'class cv.Rect2i',
    '',
    ['/Simple'],
    [   ['int', 'x', '', '/RW'],
        ['int', 'y', '', '/RW'],
        ['int', 'width', '', '/RW'],
        ['int', 'height', '', '/RW']])
parse_name: class cv.Rect2i with ['cv'] -> fullname:cv::Rect2i namespace:cv classpath: classname: name:Rect2i
register class cv::Rect2i (('class cv.Rect2i', '', ['/Simple'], [['int', 'x', '', '/RW'], ['int', 'y', '', '/RW'], ['int', 'width', '', '/RW'], ['int', 'height', '', '/RW']]))

--- Manual ---
(   'class cv.Size',
    '',
    ['/Simple'],
    [['int', 'width', '', '/RW'], ['int', 'height', '', '/RW']])
parse_name: class cv.Size with ['cv'] -> fullname:cv::Size namespace:cv classpath: classname: name:Size
register class cv::Size (('class cv.Size', '', ['/Simple'], [['int', 'width', '', '/RW'], ['int', 'height', '', '/RW']]))

--- Manual ---
(   'class cv.Point',
    '',
    ['/Simple'],
    [['int', 'x', '', '/RW'], ['int', 'y', '', '/RW']])
parse_name: class cv.Point with ['cv'] -> fullname:cv::Point namespace:cv classpath: classname: name:Point
register class cv::Point (('class cv.Point', '', ['/Simple'], [['int', 'x', '', '/RW'], ['int', 'y', '', '/RW']]))

--- Manual ---
(   'class cv.Rect',
    '',
    ['/Simple'],
    [   ['int', 'x', '', '/RW'],
        ['int', 'y', '', '/RW'],
        ['int', 'width', '', '/RW'],
        ['int', 'height', '', '/RW']])
parse_name: class cv.Rect with ['cv'] -> fullname:cv::Rect namespace:cv classpath: classname: name:Rect
register class cv::Rect (('class cv.Rect', '', ['/Simple'], [['int', 'x', '', '/RW'], ['int', 'y', '', '/RW'], ['int', 'width', '', '/RW'], ['int', 'height', '', '/RW']]))

--- Manual ---
('class cv.Vec2w', '', ['/Simple'], [['unsigned short', 'data[2]', '', '/RW']])
parse_name: class cv.Vec2w with ['cv'] -> fullname:cv::Vec2w namespace:cv classpath: classname: name:Vec2w
register class cv::Vec2w (('class cv.Vec2w', '', ['/Simple'], [['unsigned short', 'data[2]', '', '/RW']]))

--- Manual ---
('class cv.Vec2s', '', ['/Simple'], [['short', 'data[2]', '', '/RW']])
parse_name: class cv.Vec2s with ['cv'] -> fullname:cv::Vec2s namespace:cv classpath: classname: name:Vec2s
register class cv::Vec2s (('class cv.Vec2s', '', ['/Simple'], [['short', 'data[2]', '', '/RW']]))

--- Manual ---
('class cv.Vec2b', '', ['/Simple'], [['unsigned char', 'data[2]', '', '/RW']])
parse_name: class cv.Vec2b with ['cv'] -> fullname:cv::Vec2b namespace:cv classpath: classname: name:Vec2b
register class cv::Vec2b (('class cv.Vec2b', '', ['/Simple'], [['unsigned char', 'data[2]', '', '/RW']]))

--- Manual ---
('class cv.Scalar', '', ['/Simple'], [['double', 'data[4]', '', '/RW']])
parse_name: class cv.Scalar with ['cv'] -> fullname:cv::Scalar namespace:cv classpath: classname: name:Scalar
register class cv::Scalar (('class cv.Scalar', '', ['/Simple'], [['double', 'data[4]', '', '/RW']]))

--- Manual ---
('class cv._InputArray', '', ['/Ghost'], [])
parse_name: class cv._InputArray with ['cv'] -> fullname:cv::_InputArray namespace:cv classpath: classname: name:_InputArray
register class cv::_InputArray (('class cv._InputArray', '', ['/Ghost'], []))

--- Manual ---
('typedef cv.InputArray', 'const _InputArray&', [], [])
parse_name: typedef cv.InputArray with ['cv'] -> fullname:cv::InputArray namespace:cv classpath: classname: name:InputArray
Registering an unknown type: InputArray

--- Manual ---
('class cv._OutputArray', '', ['/Ghost'], [])
parse_name: class cv._OutputArray with ['cv'] -> fullname:cv::_OutputArray namespace:cv classpath: classname: name:_OutputArray
register class cv::_OutputArray (('class cv._OutputArray', '', ['/Ghost'], []))

--- Manual ---
('typedef cv.OutputArray', '_OutputArray&', [], [])
parse_name: typedef cv.OutputArray with ['cv'] -> fullname:cv::OutputArray namespace:cv classpath: classname: name:OutputArray
Registering an unknown type: OutputArray

--- Manual ---
('class cv._InputOutputArray', '', ['/Ghost'], [])
parse_name: class cv._InputOutputArray with ['cv'] -> fullname:cv::_InputOutputArray namespace:cv classpath: classname: name:_InputOutputArray
register class cv::_InputOutputArray (('class cv._InputOutputArray', '', ['/Ghost'], []))

--- Manual ---
('typedef cv.InputOutputArray', '_InputOutputArray&', [], [])
parse_name: typedef cv.InputOutputArray with ['cv'] -> fullname:cv::InputOutputArray namespace:cv classpath: classname: name:InputOutputArray
Registering an unknown type: InputOutputArray

--- Manual ---
('typedef cv.InputArrayOfArrays', 'InputArray', [], [])
parse_name: typedef cv.InputArrayOfArrays with ['cv'] -> fullname:cv::InputArrayOfArrays namespace:cv classpath: classname: name:InputArrayOfArrays
Registering an unknown type: InputArrayOfArrays

--- Manual ---
('typedef cv.OutputArrayOfArrays', 'OutputArray', [], [])
parse_name: typedef cv.OutputArrayOfArrays with ['cv'] -> fullname:cv::OutputArrayOfArrays namespace:cv classpath: classname: name:OutputArrayOfArrays
Registering an unknown type: OutputArrayOfArrays

--- Manual ---
('typedef cv.InputOutputArrayOfArrays', 'InputOutputArray', [], [])
parse_name: typedef cv.InputOutputArrayOfArrays with ['cv'] -> fullname:cv::InputOutputArrayOfArrays namespace:cv classpath: classname: name:InputOutputArrayOfArrays
Registering an unknown type: InputOutputArrayOfArrays

--- Manual ---
('class cv.Range', '', ['/Ghost'], [])
parse_name: class cv.Range with ['cv'] -> fullname:cv::Range namespace:cv classpath: classname: name:Range
register class cv::Range (('class cv.Range', '', ['/Ghost'], []))

--- Manual ---
('class cv.MatExpr', '', ['/Ghost'], [])
parse_name: class cv.MatExpr with ['cv'] -> fullname:cv::MatExpr namespace:cv classpath: classname: name:MatExpr
register class cv::MatExpr (('class cv.MatExpr', '', ['/Ghost'], []))

--- Manual ---
('class cv.Mat', '', ['/Ghost'], [])
parse_name: class cv.Mat with ['cv'] -> fullname:cv::Mat namespace:cv classpath: classname: name:Mat
register class cv::Mat (('class cv.Mat', '', ['/Ghost'], []))

--- Manual ---
('class cv.UMat', '', ['/Ghost'], [])
parse_name: class cv.UMat with ['cv'] -> fullname:cv::UMat namespace:cv classpath: classname: name:UMat
register class cv::UMat (('class cv.UMat', '', ['/Ghost'], []))

--- Manual ---
('class cv.Algorithm', '', ['/Ghost'], [])
parse_name: class cv.Algorithm with ['cv'] -> fullname:cv::Algorithm namespace:cv classpath: classname: name:Algorithm
register class cv::Algorithm (('class cv.Algorithm', '', ['/Ghost'], []))

--- Manual ---
('class cv.DMatch', '', ['/Ghost', '/Simple'], [])
parse_name: class cv.DMatch with ['cv'] -> fullname:cv::DMatch namespace:cv classpath: classname: name:DMatch
register class cv::DMatch (('class cv.DMatch', '', ['/Ghost', '/Simple'], []))

--- Manual ---
('class cv.KeyPoint', '', ['/Ghost', '/Simple'], [])
parse_name: class cv.KeyPoint with ['cv'] -> fullname:cv::KeyPoint namespace:cv classpath: classname: name:KeyPoint
register class cv::KeyPoint (('class cv.KeyPoint', '', ['/Ghost', '/Simple'], []))

--- Manual ---
('class cv.RotatedRect', '', ['/Ghost'], [])
parse_name: class cv.RotatedRect with ['cv'] -> fullname:cv::RotatedRect namespace:cv classpath: classname: name:RotatedRect
register class cv::RotatedRect (('class cv.RotatedRect', '', ['/Ghost'], []))

--- Manual ---
('class cv.TermCriteria', '', ['/Ghost'], [])
parse_name: class cv.TermCriteria with ['cv'] -> fullname:cv::TermCriteria namespace:cv classpath: classname: name:TermCriteria
register class cv::TermCriteria (('class cv.TermCriteria', '', ['/Ghost'], []))

--- Manual ---
('class cv.utils.logging.LogTag', '', ['/Ghost'], [])
parse_name: class cv.utils.logging.LogTag with ['cv'] -> fullname:cv::utils::logging::LogTag namespace:cv classpath:utils::logging classname:logging name:LogTag
register class cv::utils::logging::LogTag (('class cv.utils.logging.LogTag', '', ['/Ghost'], []))

--- Manual ---
('class cv.FileNode', '', ['/Ghost'], [])
parse_name: class cv.FileNode with ['cv'] -> fullname:cv::FileNode namespace:cv classpath: classname: name:FileNode
register class cv::FileNode (('class cv.FileNode', '', ['/Ghost'], []))

--- Manual ---
('class cv.FileStorage', '', ['/Ghost'], [])
parse_name: class cv.FileStorage with ['cv'] -> fullname:cv::FileStorage namespace:cv classpath: classname: name:FileStorage
register class cv::FileStorage (('class cv.FileStorage', '', ['/Ghost'], []))

--- Manual ---
('class cv.dnn.LayerParams', '', ['/Ghost'], [])
parse_name: class cv.dnn.LayerParams with ['cv'] -> fullname:cv::dnn::LayerParams namespace:cv classpath:dnn classname:dnn name:LayerParams
register class cv::dnn::LayerParams (('class cv.dnn.LayerParams', '', ['/Ghost'], []))

--- Manual ---
('class cv.dnn.Layer', '', ['/Ghost'], [])
parse_name: class cv.dnn.Layer with ['cv'] -> fullname:cv::dnn::Layer namespace:cv classpath:dnn classname:dnn name:Layer
register class cv::dnn::Layer (('class cv.dnn.Layer', '', ['/Ghost'], []))

--- Manual ---
('class cv.Feature2D', ': cv::Algorithm', ['/Ghost'], [])
parse_name: class cv.Feature2D with ['cv'] -> fullname:cv::Feature2D namespace:cv classpath: classname: name:Feature2D
register class cv::Feature2D (('class cv.Feature2D', ': cv::Algorithm', ['/Ghost'], [])) impl:cv::Algorithm

--- Manual ---
('class cv.DescriptorMatcher', ': cv::Algorithm', ['/Ghost', '/A'], [])
parse_name: class cv.DescriptorMatcher with ['cv'] -> fullname:cv::DescriptorMatcher namespace:cv classpath: classname: name:DescriptorMatcher
register class cv::DescriptorMatcher (('class cv.DescriptorMatcher', ': cv::Algorithm', ['/Ghost', '/A'], [])) impl:cv::Algorithm

--- Manual ---
('typedef cv.FeatureDetector', 'Feature2D', [], [])
parse_name: typedef cv.FeatureDetector with ['cv'] -> fullname:cv::FeatureDetector namespace:cv classpath: classname: name:FeatureDetector
Registering an unknown type: FeatureDetector

--- Manual ---
('typedef cv.DescriptorExtractor', 'Feature2D', [], [])
parse_name: typedef cv.DescriptorExtractor with ['cv'] -> fullname:cv::DescriptorExtractor namespace:cv classpath: classname: name:DescriptorExtractor
Registering an unknown type: DescriptorExtractor

--- Manual ---
('enum cv.InterpolationFlags', '', ['/Ghost'], [])
parse_name: enum cv.InterpolationFlags with ['cv'] -> fullname:cv::InterpolationFlags namespace:cv classpath: classname: name:InterpolationFlags


=============== Header: /Users/ianlum/.cargo/registry/src/github.com-1ecc6299db9ec823/opencv-0.23.0/headers/4.1/opencv2/freetype.hpp ================


Namespaces: ['cv', 'cv.freetype']
Comment: {'freetype': '\n@defgroup freetype Drawing UTF-8 strings with freetype/harfbuzz\n\nThis modules is to draw UTF-8 strings with freetype/harfbuzz.\n\n1. Install freetype2 and harfbuzz in your system.\n2. Create FreeType2 instance with createFreeType2() function.\n3. Load font file with loadFontData() function.\n4. Draw text with putText() function.\n\n- If thickness parameter is negative, drawing glyph is filled.\n- If thickness parameter is positive, drawing glyph is outlined with thickness.\n- If line_type parameter is 16(or CV_AA), drawing glyph is smooth.\n\n\n'}

--- Incoming ---
[   'class cv.freetype.FreeType2',
    ': cv::Algorithm',
    [],
    [],
    None,
    '@addtogroup freetype\n@{']
parse_name: class cv.freetype.FreeType2 with ['cv', 'cv::freetype'] -> fullname:cv::freetype::FreeType2 namespace:cv::freetype classpath: classname: name:FreeType2
register class cv::freetype::FreeType2 (['class cv.freetype.FreeType2', ': cv::Algorithm', [], [], None, '@addtogroup freetype\n@{']) impl:cv::Algorithm

--- Incoming ---
[   'cv.freetype.FreeType2.loadFontData',
    'void',
    ['/A'],
    [['String', 'fontFileName', '', []], ['int', 'id', '', []]],
    None,
    '@brief Load font data.\n'
    '\n'
    'The function loadFontData loads font data.\n'
    '\n'
    '@param fontFileName FontFile Name\n'
    '@param id face_index to select a font faces in a single file.']
parse_name: cv.freetype.FreeType2.loadFontData with ['cv', 'cv::freetype'] -> fullname:cv::freetype::FreeType2::loadFontData namespace:cv::freetype classpath:FreeType2 classname:FreeType2 name:loadFontData
register (method) loadFontData in cv::freetype::FreeType2 (trait) (cv_freetype_FreeType2_loadFontData_String_int)

--- Incoming ---
[   'cv.freetype.FreeType2.setSplitNumber',
    'void',
    ['/A'],
    [['int', 'num', '', []]],
    None,
    '@brief Set Split Number from Bezier-curve to line\n'
    '\n'
    'The function setSplitNumber set the number of split points from '
    'bezier-curve to line.\n'
    'If you want to draw large glyph, large is better.\n'
    'If you want to draw small glyph, small is better.\n'
    '\n'
    '@param num number of split points from bezier-curve to line']
parse_name: cv.freetype.FreeType2.setSplitNumber with ['cv', 'cv::freetype'] -> fullname:cv::freetype::FreeType2::setSplitNumber namespace:cv::freetype classpath:FreeType2 classname:FreeType2 name:setSplitNumber
register (method) setSplitNumber in cv::freetype::FreeType2 (trait) (cv_freetype_FreeType2_setSplitNumber_int)

--- Incoming ---
[   'cv.freetype.FreeType2.putText',
    'void',
    ['/A'],
    [   ['InputOutputArray', 'img', '', []],
        ['const String&', 'text', '', []],
        ['Point', 'org', '', []],
        ['int', 'fontHeight', '', []],
        ['Scalar', 'color', '', []],
        ['int', 'thickness', '', []],
        ['int', 'line_type', '', []],
        ['bool', 'bottomLeftOrigin', '', []]],
    None,
    '@brief Draws a text string.\n'
    '\n'
    'The function putText renders the specified text string in the image. '
    'Symbols that cannot be rendered using the specified font are replaced by '
    '"Tofu" or non-drawn.\n'
    '\n'
    '@param img Image.\n'
    '@param text Text string to be drawn.\n'
    '@param org Bottom-left/Top-left corner of the text string in the image.\n'
    '@param fontHeight Drawing font size by pixel unit.\n'
    '@param color Text color.\n'
    '@param thickness Thickness of the lines used to draw a text when '
    'negative, the glyph is filled. Otherwise, the glyph is drawn with this '
    'thickness.\n'
    '@param line_type Line type. See the line for details.\n'
    '@param bottomLeftOrigin When true, the image data origin is at the '
    'bottom-left corner. Otherwise, it is at the top-left corner.']
parse_name: cv.freetype.FreeType2.putText with ['cv', 'cv::freetype'] -> fullname:cv::freetype::FreeType2::putText namespace:cv::freetype classpath:FreeType2 classname:FreeType2 name:putText
register (method) putText in cv::freetype::FreeType2 (trait) (cv_freetype_FreeType2_putText__InputOutputArray_String_Point_int_Scalar_int_int_bool)

--- Incoming ---
[   'cv.freetype.FreeType2.getTextSize',
    'Size',
    ['/A'],
    [   ['const String&', 'text', '', []],
        ['int', 'fontHeight', '', []],
        ['int', 'thickness', '', []],
        ['int*', 'baseLine', '', []]],
    None,
    '@brief Calculates the width and height of a text string.\n'
    '\n'
    'The function getTextSize calculates and returns the approximate size of a '
    'box that contains the specified text.\n'
    'That is, the following code renders some text, the tight box surrounding '
    'it, and the baseline: :\n'
    '@code\n'
    'String text = "Funny text inside the box";\n'
    'int fontHeight = 60;\n'
    'int thickness = -1;\n'
    'int linestyle = 8;\n'
    '\n'
    'Mat img(600, 800, CV_8UC3, Scalar::all(0));\n'
    '\n'
    'int baseline=0;\n'
    '\n'
    'cv::Ptr<cv::freetype::FreeType2> ft2;\n'
    'ft2 = cv::freetype::createFreeType2();\n'
    'ft2->loadFontData( "./mplus-1p-regular.ttf", 0 );\n'
    '\n'
    'Size textSize = ft2->getTextSize(text,\n'
    'fontHeight,\n'
    'thickness,\n'
    '&baseline);\n'
    '\n'
    'if(thickness > 0){\n'
    'baseline += thickness;\n'
    '}\n'
    '\n'
    '// center the text\n'
    'Point textOrg((img.cols - textSize.width) / 2,\n'
    '(img.rows + textSize.height) / 2);\n'
    '\n'
    '// draw the box\n'
    'rectangle(img, textOrg + Point(0, baseline),\n'
    'textOrg + Point(textSize.width, -textSize.height),\n'
    'Scalar(0,255,0),1,8);\n'
    '\n'
    '// ... and the baseline first\n'
    'line(img, textOrg + Point(0, thickness),\n'
    'textOrg + Point(textSize.width, thickness),\n'
    'Scalar(0, 0, 255),1,8);\n'
    '\n'
    '// then put the text itself\n'
    'ft2->putText(img, text, textOrg, fontHeight,\n'
    'Scalar::all(255), thickness, linestyle, true );\n'
    '@endcode\n'
    '\n'
    '@param text Input text string.\n'
    '@param fontHeight Drawing font size by pixel unit.\n'
    '@param thickness Thickness of lines used to render the text. See putText '
    'for details.\n'
    '@param[out] baseLine y-coordinate of the baseline relative to the '
    'bottom-most text\n'
    'point.\n'
    '@return The size of a box that contains the specified text.\n'
    '\n'
    '@see cv::putText']
parse_name: cv.freetype.FreeType2.getTextSize with ['cv', 'cv::freetype'] -> fullname:cv::freetype::FreeType2::getTextSize namespace:cv::freetype classpath:FreeType2 classname:FreeType2 name:getTextSize
register (method) getTextSize in cv::freetype::FreeType2 (trait) (cv_freetype_FreeType2_getTextSize_String_int_int_int_X)

--- Incoming ---
[   'cv.freetype.createFreeType2',
    'Ptr<FreeType2>',
    [],
    [],
    None,
    '@brief Create FreeType2 Instance\n'
    '\n'
    'The function createFreeType2 create instance to draw UTF-8 strings.']
parse_name: cv.freetype.createFreeType2 with ['cv', 'cv::freetype'] -> fullname:cv::freetype::createFreeType2 namespace:cv::freetype classpath: classname: name:createFreeType2
register (function) createFreeType2 (cv_freetype_createFreeType2)


===== Generating... =====
Generating func cv_freetype_createFreeType2
Ghost class cv::Algorithm (ghost, trait), ignoring
Ghost class cv::DMatch (simple, ghost), ignoring
Ghost class cv::DescriptorMatcher (ghost, trait), ignoring
Ghost class cv::Feature2D (ghost, trait), ignoring
Ghost class cv::FileNode (ghost), ignoring
Ghost class cv::FileStorage (ghost), ignoring
Ghost class cv::KeyPoint (simple, ghost), ignoring
Ghost class cv::Mat (ghost), ignoring
Ghost class cv::MatExpr (ghost), ignoring
Ghost class cv::Range (ghost), ignoring
Ghost class cv::RotatedRect (ghost), ignoring
Ghost class cv::TermCriteria (ghost), ignoring
Ghost class cv::UMat (ghost), ignoring
Ghost class cv::_InputArray (ghost, trait), ignoring
Ghost class cv::_InputOutputArray (ghost, trait), ignoring
Ghost class cv::_OutputArray (ghost, trait), ignoring
Ghost class cv::dnn::Layer (ghost, trait), ignoring
Ghost class cv::dnn::LayerParams (ghost), ignoring
Generating impl for trait cv::freetype::FreeType2 (trait)
Generating func cv_freetype_FreeType2_loadFontData_String_int
Generating func cv_freetype_FreeType2_setSplitNumber_int
Generating func cv_freetype_FreeType2_putText__InputOutputArray_String_Point_int_Scalar_int_int_bool
Generating func cv_freetype_FreeType2_getTextSize_String_int_int_int_X
Ghost class cv::utils::logging::LogTag (ghost), ignoring
